<?xml version="1.0" encoding="UTF-8"?>
<!-- Generated by org.testng.reporters.JUnitXMLReporter -->
<testsuite ignored="0" hostname="LAPTOP-8BU1SF3T" failures="0" tests="4" name="Default test" time="24.48" errors="0" timestamp="2021-09-02T18:53:10 IST">
  <testcase classname="Testng.PriorityTestNG" name="test" time="6.728"/>
  <testcase classname="Testng.PriorityTestNG" name="launchGoogle" time="6.749"/>
  <testcase classname="Testng.PriorityTestNG" name="peformSeachAndClick1stLink" time="6.814"/>
  <testcase classname="Testng.PriorityTestNG" name="FacebookPageTitleVerification" time="4.139"/>
</testsuite> <!-- Default test -->
