<?xml version="1.0" encoding="UTF-8"?>
<!-- Generated by org.testng.reporters.JUnitXMLReporter -->
<testsuite ignored="0" hostname="LAPTOP-8BU1SF3T" failures="0" tests="4" name="Test" time="16.204" errors="0" timestamp="2021-09-02T19:27:49 IST">
  <testcase classname="Testng.PriorityTestNG" name="test" time="5.597"/>
  <testcase classname="Testng.PriorityTestNG" name="launchGoogle" time="2.961"/>
  <testcase classname="Testng.PriorityTestNG" name="peformSeachAndClick1stLink" time="3.409"/>
  <testcase classname="Testng.PriorityTestNG" name="FacebookPageTitleVerification" time="4.188"/>
</testsuite> <!-- Test -->
