<?xml version="1.0" encoding="UTF-8"?>
<testng-results ignored="0" total="4" passed="4" failed="0" skipped="0">
  <reporter-output>
  </reporter-output>
  <suite started-at="2021-09-02T19:27:33 IST" name="Suite" finished-at="2021-09-02T19:27:49 IST" duration-ms="16204">
    <groups>
    </groups>
    <test started-at="2021-09-02T19:27:33 IST" name="Test" finished-at="2021-09-02T19:27:49 IST" duration-ms="16204">
      <class name="Testng.PriorityTestNG">
        <test-method signature="test()[pri:1, instance:Testng.PriorityTestNG@20ccf40b]" started-at="2021-09-02T19:27:33 IST" name="test" finished-at="2021-09-02T19:27:39 IST" duration-ms="5597" status="PASS">
          <reporter-output>
          </reporter-output>
        </test-method> <!-- test -->
        <test-method signature="launchGoogle()[pri:2, instance:Testng.PriorityTestNG@20ccf40b]" started-at="2021-09-02T19:27:39 IST" name="launchGoogle" finished-at="2021-09-02T19:27:42 IST" duration-ms="2961" status="PASS">
          <reporter-output>
          </reporter-output>
        </test-method> <!-- launchGoogle -->
        <test-method signature="peformSeachAndClick1stLink()[pri:3, instance:Testng.PriorityTestNG@20ccf40b]" started-at="2021-09-02T19:27:42 IST" name="peformSeachAndClick1stLink" finished-at="2021-09-02T19:27:45 IST" duration-ms="3409" status="PASS">
          <reporter-output>
          </reporter-output>
        </test-method> <!-- peformSeachAndClick1stLink -->
        <test-method signature="FacebookPageTitleVerification()[pri:4, instance:Testng.PriorityTestNG@20ccf40b]" started-at="2021-09-02T19:27:45 IST" name="FacebookPageTitleVerification" finished-at="2021-09-02T19:27:49 IST" duration-ms="4188" status="PASS">
          <reporter-output>
          </reporter-output>
        </test-method> <!-- FacebookPageTitleVerification -->
      </class> <!-- Testng.PriorityTestNG -->
    </test> <!-- Test -->
  </suite> <!-- Suite -->
</testng-results>
